
	Distribution Summary

Distribution:	Empirical    
Expression:	CONT or DISC (0.000,  4.500,
                              0.000,  5.500,
                              0.004,  6.500,
                              0.007,  7.500,
                              0.013,  8.500,
                              0.024,  9.500,
                              0.031, 10.500,
                              0.047, 11.500,
                              0.066, 12.500,
                              0.085, 13.500,
                              0.103, 14.500,
                              0.125, 15.500,
                              0.148, 16.500,
                              0.166, 17.500,
                              0.191, 18.500,
                              0.217, 19.500,
                              0.238, 20.500,
                              0.382, 21.500,
                              0.588, 22.500,
                              0.813, 23.500,
                              0.813, 24.500)


	Data Summary

Number of Data Points	= 4224
Min Data Value       	= 5
Max Data Value       	= 24
Sample Mean          	= 20.8
Sample Std Dev       	= 3.86

	Histogram Summary

Histogram Range    	= 4.5 to 24.5
Number of Intervals	= 20

